{"message":"Servidor Rodando com Sucesso! Express: http://localhost:3000","level":"info","service":"user-service"}
{"message":"Servidor Rodando com Sucesso! Express: http://localhost:3000","level":"info","service":"user-service"}
{"message":"Servidor Rodando com Sucesso! Express: http://localhost:3000","level":"info","service":"user-service"}
{"message":"Servidor Rodando com Sucesso! Express: http://localhost:3000","level":"info","service":"user-service"}
{"message":"Servidor Rodando com Sucesso! Express: http://localhost:3000","level":"info","service":"user-service"}
{"message":"Servidor Rodando com Sucesso! Express: http://localhost:3000","level":"info","service":"user-service"}
{"message":"Servidor Rodando com Sucesso! Express: http://localhost:3000","level":"info","service":"user-service"}
{"message":"Servidor Rodando com Sucesso! Express: http://localhost:3000","level":"info","service":"user-service"}
{"message":"Servidor Rodando com Sucesso! Express: http://localhost:3000","level":"info","service":"user-service"}
{"message":"Servidor Rodando com Sucesso! Express: http://localhost:3000","level":"info","service":"user-service"}
{"message":"Servidor Rodando com Sucesso! Express: http://localhost:3000","level":"info","service":"user-service"}
{"message":"Servidor Rodando com Sucesso! Express: http://localhost:3000","level":"info","service":"user-service"}
{"message":"Servidor Rodando com Sucesso! Express: http://localhost:3000","level":"info","service":"user-service"}
{"message":"Servidor Rodando com Sucesso! Express: http://localhost:3000","level":"info","service":"user-service"}
{"message":"Servidor Rodando com Sucesso! Express: http://localhost:3000","level":"info","service":"user-service"}
{"message":"Servidor Rodando com Sucesso! Express: http://localhost:3000","level":"info","service":"user-service"}
{"message":"Servidor Rodando com Sucesso! Express: http://localhost:3000","level":"info","service":"user-service"}
{"message":"usuário cadastrado [object Object]","level":"info","service":"user-service"}
{"message":"Servidor Rodando com Sucesso! Express: http://localhost:3000","level":"info","service":"user-service"}
{"message":"Servidor Rodando com Sucesso! Express: http://localhost:3000","level":"info","service":"user-service"}
{"message":"usuário cadastrado [object Object]","level":"info","service":"user-service"}
{"message":"Servidor Rodando com Sucesso! Express: http://localhost:3000","level":"info","service":"user-service"}
{"message":"Servidor Rodando com Sucesso! Express: http://localhost:3000","level":"info","service":"user-service"}
{"message":"usuário cadastrado [object Object]","level":"info","service":"user-service"}
{"message":"usuário cadastrado [object Object]","level":"info","service":"user-service"}
{"message":"Servidor Rodando com Sucesso! Express: http://localhost:3000","level":"info","service":"user-service"}
{"message":"usuário cadastrado [object Object]","level":"info","service":"user-service"}
{"message":"usuário cadastrado [object Object]","level":"info","service":"user-service"}
{"message":"Servidor Rodando com Sucesso! Express: http://localhost:3000","level":"info","service":"user-service"}
{"message":"usuário cadastrado [object Object]","level":"info","service":"user-service"}
{"message":"Servidor Rodando com Sucesso! Express: http://localhost:3000","level":"info","service":"user-service"}
{"message":"usuário cadastrado marcio","level":"info","service":"user-service"}
{"message":"usuário cadastrado marcio","level":"info","service":"user-service"}
{"message":"Servidor Rodando com Sucesso! Express: http://localhost:3000","level":"info","service":"user-service"}
{"message":"usuário cadastrado marcio","level":"info","service":"user-service"}
{"message":"usuário cadastrado marcio","level":"info","service":"user-service"}
{"message":"Servidor Rodando com Sucesso! Express: http://localhost:3000","level":"info","service":"user-service"}
{"message":"usuário cadastrado marcio","level":"info","service":"user-service"}
{"message":"usuário cadastrado marcio","level":"info","service":"user-service"}
{"message":"Servidor Rodando com Sucesso! Express: http://localhost:3000","level":"info","service":"user-service"}
{"message":"usuário cadastrado marcio","level":"info","service":"user-service"}
{"message":"usuário cadastrado marcio","level":"info","service":"user-service"}
{"message":"usuário cadastrado marcio","level":"info","service":"user-service"}
{"message":"usuário cadastrado marcio","level":"info","service":"user-service"}
{"message":"usuário cadastrado marcio","level":"info","service":"user-service"}
{"message":"usuário cadastrado marcio","level":"info","service":"user-service"}
{"message":"Servidor Rodando com Sucesso! Express: http://localhost:3000","level":"info","service":"user-service"}
{"message":"usuário cadastrado marcio","level":"info","service":"user-service"}
{"message":"Servidor Rodando com Sucesso! Express: http://localhost:3000","level":"info","service":"user-service"}
{"message":"usuário cadastrado marcio","level":"info","service":"user-service"}
{"message":"usuário cadastrado marcio","level":"info","service":"user-service"}
{"message":"usuário cadastrado marcio","level":"info","service":"user-service"}
{"message":"usuário atualizado 68","level":"info","service":"user-service"}
{"message":"lista em memoria usuário atualizado [object Object]","level":"info","service":"user-service"}
{"message":"usuário cadastrado marcio","level":"info","service":"user-service"}
{"message":"usuário atualizado 98","level":"info","service":"user-service"}
{"message":"lista em memoria usuário atualizado [object Object]","level":"info","service":"user-service"}
{"message":"usuário cadastrado marcio","level":"info","service":"user-service"}
{"message":"usuário atualizado 67","level":"info","service":"user-service"}
{"message":"lista em memoria usuário atualizado [object Object]","level":"info","service":"user-service"}
{"message":"usuário cadastrado marcio","level":"info","service":"user-service"}
{"message":"usuário atualizado 64","level":"info","service":"user-service"}
{"message":"lista em memoria usuário atualizado [object Object]","level":"info","service":"user-service"}
{"message":"Servidor Rodando com Sucesso! Express: http://localhost:3000","level":"info","service":"user-service"}
{"message":"usuário cadastrado marcio","level":"info","service":"user-service"}
{"message":"usuário atualizado 93","level":"info","service":"user-service"}
{"message":"lista em memoria usuário atualizado [object Object]","level":"info","service":"user-service"}
{"message":"Servidor Rodando com Sucesso! Express: http://localhost:3000","level":"info","service":"user-service"}
{"message":"usuário cadastrado marcio","level":"info","service":"user-service"}
{"message":"usuário atualizado 93","level":"info","service":"user-service"}
{"message":"lista em memoria usuário atualizado [object Object]","level":"info","service":"user-service"}
{"message":"usuário cadastrado marcio","level":"info","service":"user-service"}
{"message":"usuário atualizado 93","level":"info","service":"user-service"}
{"message":"lista em memoria usuário atualizado [object Object]","level":"info","service":"user-service"}
{"message":"Servidor Rodando com Sucesso! Express: http://localhost:3000","level":"info","service":"user-service"}
{"message":"Servidor Rodando com Sucesso! Express: http://localhost:3000","level":"info","service":"user-service"}
{"message":"Servidor Rodando com Sucesso! Express: http://localhost:3000","level":"info","service":"user-service"}
{"message":"usuário cadastrado marcio","level":"info","service":"user-service"}
{"message":"usuário atualizado 2","level":"info","service":"user-service"}
{"message":"lista em memoria usuário atualizado [object Object]","level":"info","service":"user-service"}
{"message":"usuário cadastrado marcio","level":"info","service":"user-service"}
{"message":"usuário atualizado 53","level":"info","service":"user-service"}
{"message":"lista em memoria usuário atualizado [object Object]","level":"info","service":"user-service"}
{"message":"usuário cadastrado marcio","level":"info","service":"user-service"}
{"message":"usuário atualizado 83","level":"info","service":"user-service"}
{"message":"lista em memoria usuário atualizado [object Object]","level":"info","service":"user-service"}
{"message":"usuário cadastrado marcio","level":"info","service":"user-service"}
{"message":"usuário atualizado 72","level":"info","service":"user-service"}
{"message":"lista em memoria usuário atualizado [object Object]","level":"info","service":"user-service"}
{"message":"usuário cadastrado marcio","level":"info","service":"user-service"}
{"message":"usuário atualizado 6","level":"info","service":"user-service"}
{"message":"lista em memoria usuário atualizado [object Object]","level":"info","service":"user-service"}
{"message":"usuário cadastrado marcio","level":"info","service":"user-service"}
{"message":"usuário atualizado 41","level":"info","service":"user-service"}
{"message":"lista em memoria usuário atualizado [object Object]","level":"info","service":"user-service"}
{"message":"usuário cadastrado marcio","level":"info","service":"user-service"}
{"message":"usuário atualizado 70","level":"info","service":"user-service"}
{"message":"lista em memoria usuário atualizado [object Object]","level":"info","service":"user-service"}
{"message":"usuário cadastrado marcio","level":"info","service":"user-service"}
{"message":"usuário atualizado 50","level":"info","service":"user-service"}
{"message":"lista em memoria usuário atualizado [object Object]","level":"info","service":"user-service"}
{"message":"usuário cadastrado marcio","level":"info","service":"user-service"}
{"message":"usuário atualizado 37","level":"info","service":"user-service"}
{"message":"lista em memoria usuário atualizado [object Object]","level":"info","service":"user-service"}
{"message":"usuário cadastrado marcio","level":"info","service":"user-service"}
{"message":"usuário atualizado 1","level":"info","service":"user-service"}
{"message":"lista em memoria usuário atualizado [object Object]","level":"info","service":"user-service"}
{"message":"usuário cadastrado marcio","level":"info","service":"user-service"}
{"message":"usuário atualizado 54","level":"info","service":"user-service"}
{"message":"lista em memoria usuário atualizado [object Object]","level":"info","service":"user-service"}
{"message":"Servidor Rodando com Sucesso! Express: http://localhost:3000","level":"info","service":"user-service"}
{"message":"usuário cadastrado marcio","level":"info","service":"user-service"}
{"message":"usuário atualizado 13","level":"info","service":"user-service"}
{"message":"lista em memoria usuário atualizado [object Object]","level":"info","service":"user-service"}
{"message":"usuário cadastrado marcio","level":"info","service":"user-service"}
{"message":"usuário cadastrado marcio","level":"info","service":"user-service"}
{"message":"usuário cadastrado marcio","level":"info","service":"user-service"}
{"message":"usuário cadastrado marcio","level":"info","service":"user-service"}
{"message":"usuário atualizado 59","level":"info","service":"user-service"}
{"message":"lista em memoria usuário atualizado [object Object],[object Object],[object Object],[object Object]","level":"info","service":"user-service"}
{"message":"usuário cadastrado marcio","level":"info","service":"user-service"}
{"message":"usuário cadastrado marcio","level":"info","service":"user-service"}
{"message":"usuário cadastrado marcio","level":"info","service":"user-service"}
{"message":"usuário cadastrado marcio","level":"info","service":"user-service"}
{"message":"usuário cadastrado levi","level":"info","service":"user-service"}
{"message":"usuário atualizado 71","level":"info","service":"user-service"}
{"message":"lista em memoria usuário atualizado [object Object],[object Object],[object Object],[object Object],[object Object]","level":"info","service":"user-service"}
{"message":"Servidor Rodando com Sucesso! Express: http://localhost:3000","level":"info","service":"user-service"}
{"message":"Servidor Rodando com Sucesso! Express: http://localhost:3000","level":"info","service":"user-service"}
{"message":"usuário cadastrado marcio","level":"info","service":"user-service"}
{"message":"usuário cadastrado levi","level":"info","service":"user-service"}
{"message":"usuário cadastrado marcio","level":"info","service":"user-service"}
{"message":"usuário atualizado 70","level":"info","service":"user-service"}
{"message":"lista em memoria usuário atualizado [object Object]","level":"info","service":"user-service"}
{"message":"Servidor Rodando com Sucesso! Express: http://localhost:3000","level":"info","service":"user-service"}
{"message":"usuário cadastrado marcio","level":"info","service":"user-service"}
{"message":"usuário atualizado 87","level":"info","service":"user-service"}
{"message":"lista em memoria usuário atualizado [object Object]","level":"info","service":"user-service"}
{"message":"usuário cadastrado marcio","level":"info","service":"user-service"}
{"message":"usuário cadastrado levi","level":"info","service":"user-service"}
{"message":"Servidor Rodando com Sucesso! Express: http://localhost:3000","level":"info","service":"user-service"}
{"message":"usuário cadastrado marcio","level":"info","service":"user-service"}
{"message":"usuário atualizado 25","level":"info","service":"user-service"}
{"message":"lista em memoria usuário atualizado [object Object]","level":"info","service":"user-service"}
{"message":"usuário cadastrado marcio","level":"info","service":"user-service"}
{"message":"usuário cadastrado levi","level":"info","service":"user-service"}
{"message":"usuário cadastrado marcio","level":"info","service":"user-service"}
{"message":"usuário atualizado 71","level":"info","service":"user-service"}
{"message":"lista em memoria usuário atualizado [object Object]","level":"info","service":"user-service"}
{"message":"usuário cadastrado marcio","level":"info","service":"user-service"}
{"message":"usuário atualizado 96","level":"info","service":"user-service"}
{"message":"lista em memoria usuário atualizado [object Object]","level":"info","service":"user-service"}
{"message":"usuário cadastrado marcio","level":"info","service":"user-service"}
{"message":"usuário cadastrado marcio","level":"info","service":"user-service"}
{"message":"usuário atualizado 92","level":"info","service":"user-service"}
{"message":"lista em memoria usuário atualizado [object Object]","level":"info","service":"user-service"}
{"message":"usuário cadastrado marcio","level":"info","service":"user-service"}
{"message":"usuário atualizado 56","level":"info","service":"user-service"}
{"message":"lista em memoria usuário atualizado [object Object]","level":"info","service":"user-service"}
{"message":"Servidor Rodando com Sucesso! Express: http://localhost:3000","level":"info","service":"user-service"}
{"message":"usuário cadastrado marcio","level":"info","service":"user-service"}
{"message":"usuário cadastrado levi","level":"info","service":"user-service"}
{"message":"usuário atualizado 32","level":"info","service":"user-service"}
{"message":"lista em memoria usuário atualizado [object Object],[object Object]","level":"info","service":"user-service"}
{"message":"usuário atualizado 2","level":"info","service":"user-service"}
{"message":"lista em memoria usuário atualizado [object Object],[object Object]","level":"info","service":"user-service"}
{"message":"usuário cadastrado marcio","level":"info","service":"user-service"}
{"message":"usuário atualizado 27","level":"info","service":"user-service"}
{"message":"lista em memoria usuário atualizado [object Object]","level":"info","service":"user-service"}
{"message":"usuário cadastrado marcio","level":"info","service":"user-service"}
{"message":"usuário atualizado 90","level":"info","service":"user-service"}
{"message":"lista em memoria usuário atualizado [object Object]","level":"info","service":"user-service"}
{"message":"usuário cadastrado marcio","level":"info","service":"user-service"}
{"message":"usuário atualizado 62","level":"info","service":"user-service"}
{"message":"lista em memoria usuário atualizado [object Object]","level":"info","service":"user-service"}
{"message":"usuário cadastrado marcio","level":"info","service":"user-service"}
{"message":"usuário atualizado 9","level":"info","service":"user-service"}
{"message":"lista em memoria usuário atualizado [object Object]","level":"info","service":"user-service"}
{"message":"usuário cadastrado marcio","level":"info","service":"user-service"}
{"message":"usuário atualizado 30","level":"info","service":"user-service"}
{"message":"lista em memoria usuário atualizado [object Object]","level":"info","service":"user-service"}
{"message":"usuário cadastrado marcio","level":"info","service":"user-service"}
{"message":"usuário atualizado 52","level":"info","service":"user-service"}
{"message":"lista em memoria usuário atualizado [object Object]","level":"info","service":"user-service"}
{"message":"usuário cadastrado marcio","level":"info","service":"user-service"}
{"message":"usuário atualizado 95","level":"info","service":"user-service"}
{"message":"lista em memoria usuário atualizado [object Object]","level":"info","service":"user-service"}
{"message":"usuário cadastrado marcio","level":"info","service":"user-service"}
{"message":"usuário atualizado 84","level":"info","service":"user-service"}
{"message":"lista em memoria usuário atualizado [object Object]","level":"info","service":"user-service"}
{"message":"usuário cadastrado marcio","level":"info","service":"user-service"}
{"message":"usuário atualizado 6","level":"info","service":"user-service"}
{"message":"lista em memoria usuário atualizado [object Object]","level":"info","service":"user-service"}
{"message":"usuário cadastrado marcio","level":"info","service":"user-service"}
{"message":"usuário atualizado 2","level":"info","service":"user-service"}
{"message":"lista em memoria usuário atualizado [object Object]","level":"info","service":"user-service"}
{"message":"usuário cadastrado marcio","level":"info","service":"user-service"}
{"message":"usuário atualizado 52","level":"info","service":"user-service"}
{"message":"lista em memoria usuário atualizado [object Object]","level":"info","service":"user-service"}
{"message":"usuário cadastrado marcio","level":"info","service":"user-service"}
{"message":"usuário atualizado 12","level":"info","service":"user-service"}
{"message":"lista em memoria usuário atualizado [object Object]","level":"info","service":"user-service"}
{"message":"usuário cadastrado marcio","level":"info","service":"user-service"}
{"message":"usuário atualizado 87","level":"info","service":"user-service"}
{"message":"lista em memoria usuário atualizado [object Object]","level":"info","service":"user-service"}
{"message":"usuário cadastrado marcio","level":"info","service":"user-service"}
{"message":"usuário atualizado 45","level":"info","service":"user-service"}
{"message":"lista em memoria usuário atualizado [object Object]","level":"info","service":"user-service"}
{"message":"usuário cadastrado marcio","level":"info","service":"user-service"}
{"message":"usuário atualizado 34","level":"info","service":"user-service"}
{"message":"lista em memoria usuário atualizado [object Object]","level":"info","service":"user-service"}
{"message":"usuário cadastrado marcio","level":"info","service":"user-service"}
{"message":"usuário atualizado 84","level":"info","service":"user-service"}
{"message":"lista em memoria usuário atualizado [object Object]","level":"info","service":"user-service"}
{"message":"usuário cadastrado marcio","level":"info","service":"user-service"}
{"message":"usuário atualizado 24","level":"info","service":"user-service"}
{"message":"lista em memoria usuário atualizado [object Object]","level":"info","service":"user-service"}
{"message":"usuário cadastrado marcio","level":"info","service":"user-service"}
{"message":"usuário atualizado 22","level":"info","service":"user-service"}
{"message":"lista em memoria usuário atualizado [object Object]","level":"info","service":"user-service"}
{"message":"usuário cadastrado marcio","level":"info","service":"user-service"}
{"message":"usuário atualizado 39","level":"info","service":"user-service"}
{"message":"lista em memoria usuário atualizado [object Object]","level":"info","service":"user-service"}
{"message":"usuário cadastrado marcio","level":"info","service":"user-service"}
{"message":"usuário atualizado 50","level":"info","service":"user-service"}
{"message":"lista em memoria usuário atualizado [object Object]","level":"info","service":"user-service"}
{"message":"Servidor Rodando com Sucesso! Express: http://localhost:3000","level":"info","service":"user-service"}
{"message":"usuário cadastrado marcio","level":"info","service":"user-service"}
{"message":"usuário atualizado 91","level":"info","service":"user-service"}
{"message":"lista em memoria usuário atualizado [object Object]","level":"info","service":"user-service"}
{"message":"usuário cadastrado marcio","level":"info","service":"user-service"}
{"message":"usuário atualizado 21","level":"info","service":"user-service"}
{"message":"lista em memoria usuário atualizado [object Object]","level":"info","service":"user-service"}
{"message":"usuário cadastrado marcio","level":"info","service":"user-service"}
{"message":"usuário atualizado 50","level":"info","service":"user-service"}
{"message":"lista em memoria usuário atualizado [object Object]","level":"info","service":"user-service"}
{"message":"Servidor Rodando com Sucesso! Express: http://localhost:3000","level":"info","service":"user-service"}
{"message":"Servidor Rodando com Sucesso! Express: http://localhost:3000","level":"info","service":"user-service"}
{"message":"usuário cadastrado marcio","level":"info","service":"user-service"}
{"message":"usuário atualizado 17","level":"info","service":"user-service"}
{"message":"lista em memoria usuário atualizado [object Object]","level":"info","service":"user-service"}
{"message":"Servidor Rodando com Sucesso! Express: http://localhost:3000","level":"info","service":"user-service"}
{"message":"Servidor Rodando com Sucesso! Express: http://localhost:3000","level":"info","service":"user-service"}
{"message":"usuário cadastrado marcio","level":"info","service":"user-service"}
{"message":"usuário atualizado 2","level":"info","service":"user-service"}
{"message":"lista em memoria usuário atualizado [object Object]","level":"info","service":"user-service"}
{"message":"Servidor Rodando com Sucesso! Express: http://localhost:3000","level":"info","service":"user-service"}
{"message":"usuário cadastrado marcio","level":"info","service":"user-service"}
{"message":"usuário atualizado 76","level":"info","service":"user-service"}
{"message":"lista em memoria usuário atualizado [object Object]","level":"info","service":"user-service"}
{"message":"usuário cadastrado marcio","level":"info","service":"user-service"}
{"message":"usuário atualizado 47","level":"info","service":"user-service"}
{"message":"lista em memoria usuário atualizado [object Object]","level":"info","service":"user-service"}
{"message":"usuário cadastrado marcio","level":"info","service":"user-service"}
{"message":"usuário atualizado 73","level":"info","service":"user-service"}
{"message":"lista em memoria usuário atualizado [object Object]","level":"info","service":"user-service"}
{"message":"usuário cadastrado marcio","level":"info","service":"user-service"}
{"message":"usuário atualizado 9","level":"info","service":"user-service"}
{"message":"lista em memoria usuário atualizado [object Object]","level":"info","service":"user-service"}
{"message":"Servidor Rodando com Sucesso! Express: http://localhost:3000","level":"info","service":"user-service"}
{"message":"usuário cadastrado marcio","level":"info","service":"user-service"}
{"message":"usuário atualizado 21","level":"info","service":"user-service"}
{"message":"lista em memoria usuário atualizado [object Object]","level":"info","service":"user-service"}
{"message":"usuário cadastrado marcio","level":"info","service":"user-service"}
{"message":"usuário atualizado 35","level":"info","service":"user-service"}
{"message":"lista em memoria usuário atualizado [object Object]","level":"info","service":"user-service"}
{"message":"usuário cadastrado marcio","level":"info","service":"user-service"}
{"message":"usuário atualizado 10","level":"info","service":"user-service"}
{"message":"lista em memoria usuário atualizado [object Object]","level":"info","service":"user-service"}
{"message":"usuário cadastrado marcio","level":"info","service":"user-service"}
{"message":"usuário atualizado 74","level":"info","service":"user-service"}
{"message":"lista em memoria usuário atualizado [object Object]","level":"info","service":"user-service"}
{"message":"usuário cadastrado marcio","level":"info","service":"user-service"}
{"message":"usuário atualizado 14","level":"info","service":"user-service"}
{"message":"lista em memoria usuário atualizado [object Object]","level":"info","service":"user-service"}
{"message":"usuário cadastrado marcio","level":"info","service":"user-service"}
{"message":"usuário atualizado 82","level":"info","service":"user-service"}
{"message":"lista em memoria usuário atualizado [object Object]","level":"info","service":"user-service"}
{"message":"Servidor Rodando com Sucesso! Express: http://localhost:3000","level":"info","service":"user-service"}
{"message":"usuário cadastrado marcio","level":"info","service":"user-service"}
{"message":"usuário atualizado 89","level":"info","service":"user-service"}
{"message":"lista em memoria usuário atualizado [object Object]","level":"info","service":"user-service"}
{"message":"Servidor Rodando com Sucesso! Express: http://localhost:3000","level":"info","service":"user-service"}
{"message":"Servidor Rodando com Sucesso! Express: http://localhost:3000","level":"info","service":"user-service"}
{"message":"usuário cadastrado marcio","level":"info","service":"user-service"}
{"message":"usuário atualizado 63","level":"info","service":"user-service"}
{"message":"lista em memoria usuário atualizado [object Object]","level":"info","service":"user-service"}
{"message":"Servidor Rodando com Sucesso! Express: http://localhost:3000","level":"info","service":"user-service"}
{"message":"Servidor Rodando com Sucesso! Express: http://localhost:3000","level":"info","service":"user-service"}
{"message":"usuário cadastrado marcio","level":"info","service":"user-service"}
{"message":"usuário atualizado 74","level":"info","service":"user-service"}
{"message":"lista em memoria usuário atualizado [object Object]","level":"info","service":"user-service"}
{"message":"usuário cadastrado marcio","level":"info","service":"user-service"}
{"message":"usuário atualizado 54","level":"info","service":"user-service"}
{"message":"lista em memoria usuário atualizado [object Object]","level":"info","service":"user-service"}
{"message":"usuário cadastrado marcio","level":"info","service":"user-service"}
{"message":"usuário atualizado 93","level":"info","service":"user-service"}
{"message":"lista em memoria usuário atualizado [object Object]","level":"info","service":"user-service"}
{"message":"usuário cadastrado marcio","level":"info","service":"user-service"}
{"message":"usuário atualizado 95","level":"info","service":"user-service"}
{"message":"lista em memoria usuário atualizado [object Object]","level":"info","service":"user-service"}
{"message":"usuário cadastrado marcio","level":"info","service":"user-service"}
{"message":"usuário atualizado 30","level":"info","service":"user-service"}
{"message":"lista em memoria usuário atualizado [object Object]","level":"info","service":"user-service"}
{"message":"usuário cadastrado marcio","level":"info","service":"user-service"}
{"message":"usuário atualizado 24","level":"info","service":"user-service"}
{"message":"lista em memoria usuário atualizado [object Object]","level":"info","service":"user-service"}
{"message":"usuário cadastrado marcio","level":"info","service":"user-service"}
{"message":"usuário atualizado 36","level":"info","service":"user-service"}
{"message":"lista em memoria usuário atualizado [object Object]","level":"info","service":"user-service"}
{"message":"usuário cadastrado marcio","level":"info","service":"user-service"}
{"message":"usuário atualizado 76","level":"info","service":"user-service"}
{"message":"lista em memoria usuário atualizado [object Object]","level":"info","service":"user-service"}
{"message":"Servidor Rodando com Sucesso! Express: http://localhost:3000","level":"info","service":"user-service"}
{"message":"Servidor Rodando com Sucesso! Express: http://localhost:3000","level":"info","service":"user-service"}
{"message":"Servidor Rodando com Sucesso! Express: http://localhost:3000","level":"info","service":"user-service"}
{"message":"usuário cadastrado marcio","level":"info","service":"user-service"}
{"message":"usuário atualizado 17","level":"info","service":"user-service"}
{"message":"lista em memoria usuário atualizado [object Object]","level":"info","service":"user-service"}
{"message":"usuário cadastrado marcio","level":"info","service":"user-service"}
{"message":"usuário atualizado 97","level":"info","service":"user-service"}
{"message":"lista em memoria usuário atualizado [object Object]","level":"info","service":"user-service"}
{"message":"Servidor Rodando com Sucesso! Express: http://localhost:3000","level":"info","service":"user-service"}
{"message":"usuário cadastrado marcio","level":"info","service":"user-service"}
{"message":"usuário atualizado 17","level":"info","service":"user-service"}
{"message":"lista em memoria usuário atualizado [object Object]","level":"info","service":"user-service"}
{"message":"Servidor Rodando com Sucesso! Express: http://localhost:3000","level":"info","service":"user-service"}
{"message":"usuário cadastrado marcio","level":"info","service":"user-service"}
{"message":"usuário atualizado 31","level":"info","service":"user-service"}
{"message":"lista em memoria usuário atualizado [object Object]","level":"info","service":"user-service"}
{"message":"usuário cadastrado marcio","level":"info","service":"user-service"}
{"message":"usuário atualizado 3","level":"info","service":"user-service"}
{"message":"lista em memoria usuário atualizado [object Object]","level":"info","service":"user-service"}
{"message":"usuário cadastrado marcio","level":"info","service":"user-service"}
{"message":"usuário atualizado 76","level":"info","service":"user-service"}
{"message":"lista em memoria usuário atualizado [object Object]","level":"info","service":"user-service"}
{"message":"usuário cadastrado marcio","level":"info","service":"user-service"}
{"message":"usuário atualizado 32","level":"info","service":"user-service"}
{"message":"lista em memoria usuário atualizado [object Object]","level":"info","service":"user-service"}
{"message":"usuário cadastrado marcio","level":"info","service":"user-service"}
{"message":"usuário atualizado 93","level":"info","service":"user-service"}
{"message":"lista em memoria usuário atualizado [object Object]","level":"info","service":"user-service"}
{"message":"Servidor Rodando com Sucesso! Express: http://localhost:3000","level":"info","service":"user-service"}
{"message":"usuário cadastrado marcio","level":"info","service":"user-service"}
{"message":"usuário atualizado 74","level":"info","service":"user-service"}
{"message":"lista em memoria usuário atualizado [object Object]","level":"info","service":"user-service"}
{"message":"Servidor Rodando com Sucesso! Express: http://localhost:3000","level":"info","service":"user-service"}
{"message":"usuário cadastrado marcio","level":"info","service":"user-service"}
{"message":"usuário atualizado 13","level":"info","service":"user-service"}
{"message":"lista em memoria usuário atualizado [object Object]","level":"info","service":"user-service"}
{"message":"usuário cadastrado marcio","level":"info","service":"user-service"}
{"message":"usuário atualizado 64","level":"info","service":"user-service"}
{"message":"lista em memoria usuário atualizado [object Object]","level":"info","service":"user-service"}
{"message":"usuário cadastrado marcio","level":"info","service":"user-service"}
{"message":"usuário atualizado 40","level":"info","service":"user-service"}
{"message":"lista em memoria usuário atualizado [object Object]","level":"info","service":"user-service"}
{"message":"usuário cadastrado marcio","level":"info","service":"user-service"}
{"message":"usuário atualizado 88","level":"info","service":"user-service"}
{"message":"lista em memoria usuário atualizado [object Object]","level":"info","service":"user-service"}
{"message":"usuário cadastrado marcio","level":"info","service":"user-service"}
{"message":"usuário atualizado 76","level":"info","service":"user-service"}
{"message":"lista em memoria usuário atualizado [object Object]","level":"info","service":"user-service"}
{"message":"usuário cadastrado marcio","level":"info","service":"user-service"}
{"message":"usuário atualizado 54","level":"info","service":"user-service"}
{"message":"lista em memoria usuário atualizado [object Object]","level":"info","service":"user-service"}
{"message":"usuário cadastrado marcio","level":"info","service":"user-service"}
{"message":"usuário atualizado 2","level":"info","service":"user-service"}
{"message":"lista em memoria usuário atualizado [object Object]","level":"info","service":"user-service"}
{"message":"usuário cadastrado marcio","level":"info","service":"user-service"}
{"message":"usuário atualizado 33","level":"info","service":"user-service"}
{"message":"lista em memoria usuário atualizado [object Object]","level":"info","service":"user-service"}
{"message":"usuário cadastrado marcio","level":"info","service":"user-service"}
{"message":"usuário atualizado 96","level":"info","service":"user-service"}
{"message":"lista em memoria usuário atualizado [object Object]","level":"info","service":"user-service"}
{"message":"usuário cadastrado marcio","level":"info","service":"user-service"}
{"message":"usuário atualizado 99","level":"info","service":"user-service"}
{"message":"lista em memoria usuário atualizado [object Object]","level":"info","service":"user-service"}
{"message":"usuário cadastrado marcio","level":"info","service":"user-service"}
{"message":"usuário atualizado 49","level":"info","service":"user-service"}
{"message":"lista em memoria usuário atualizado [object Object]","level":"info","service":"user-service"}
{"message":"usuário cadastrado marcio","level":"info","service":"user-service"}
{"message":"usuário atualizado 62","level":"info","service":"user-service"}
{"message":"lista em memoria usuário atualizado [object Object]","level":"info","service":"user-service"}
{"message":"usuário cadastrado marcio","level":"info","service":"user-service"}
{"message":"usuário atualizado 100","level":"info","service":"user-service"}
{"message":"lista em memoria usuário atualizado [object Object]","level":"info","service":"user-service"}
{"message":"usuário cadastrado marcio","level":"info","service":"user-service"}
{"message":"usuário atualizado 88","level":"info","service":"user-service"}
{"message":"lista em memoria usuário atualizado [object Object]","level":"info","service":"user-service"}
{"message":"usuário cadastrado marcio","level":"info","service":"user-service"}
{"message":"usuário atualizado 1","level":"info","service":"user-service"}
{"message":"lista em memoria usuário atualizado [object Object]","level":"info","service":"user-service"}
{"message":"usuário cadastrado marcio","level":"info","service":"user-service"}
{"message":"usuário atualizado 7","level":"info","service":"user-service"}
{"message":"lista em memoria usuário atualizado [object Object]","level":"info","service":"user-service"}
{"message":"usuário cadastrado marcio","level":"info","service":"user-service"}
{"message":"usuário atualizado 82","level":"info","service":"user-service"}
{"message":"lista em memoria usuário atualizado [object Object]","level":"info","service":"user-service"}
{"message":"usuário cadastrado marcio","level":"info","service":"user-service"}
{"message":"usuário atualizado 69","level":"info","service":"user-service"}
{"message":"lista em memoria usuário atualizado [object Object]","level":"info","service":"user-service"}
{"message":"usuário cadastrado marcio","level":"info","service":"user-service"}
{"message":"usuário atualizado 69","level":"info","service":"user-service"}
{"message":"lista em memoria usuário atualizado [object Object]","level":"info","service":"user-service"}
{"message":"usuário cadastrado marcio","level":"info","service":"user-service"}
{"message":"usuário atualizado 16","level":"info","service":"user-service"}
{"message":"lista em memoria usuário atualizado [object Object]","level":"info","service":"user-service"}
{"message":{"tarefa":{"id":22,"conteudo":"Eu sou um cara legal","dataEntrega":"2020-09-01T14:22:42.244Z","tipo":"A FAZER","completada":false}},"level":"info","service":"user-service"}
{"message":"usuário cadastrado marcio","level":"info","service":"user-service"}
{"message":"usuário atualizado 7","level":"info","service":"user-service"}
{"message":"lista em memoria usuário atualizado [object Object]","level":"info","service":"user-service"}
{"message":"Servidor Rodando com Sucesso! Express: http://localhost:3000","level":"info","service":"user-service"}
{"message":"usuário cadastrado marcio","level":"info","service":"user-service"}
{"message":"usuário cadastrado levi","level":"info","service":"user-service"}
{"message":"usuário atualizado 73","level":"info","service":"user-service"}
{"message":"lista em memoria usuário atualizado [object Object],[object Object]","level":"info","service":"user-service"}
{"message":"usuário atualizado 76","level":"info","service":"user-service"}
{"message":"lista em memoria usuário atualizado [object Object],[object Object]","level":"info","service":"user-service"}
{"message":{"tarefa":{"id":86,"conteudo":"Eu sou um cara legal","dataEntrega":"2020-09-01T14:24:25.987Z","tipo":"A FAZER","completada":false}},"level":"info","service":"user-service"}
{"message":"Servidor Rodando com Sucesso! Express: http://localhost:3000","level":"info","service":"user-service"}
{"message":"Servidor Rodando com Sucesso! Express: http://localhost:3000","level":"info","service":"user-service"}
{"message":{"tarefa":{"id":60,"conteudo":"Eu sou um cara legal","dataEntrega":"2020-09-01T14:25:38.294Z","tipo":"A FAZER","completada":false}},"level":"info","service":"user-service"}
{"message":"usuário cadastrado marcio","level":"info","service":"user-service"}
{"message":"usuário atualizado 57","level":"info","service":"user-service"}
{"message":"lista em memoria usuário atualizado [object Object]","level":"info","service":"user-service"}
{"message":"89 - undefined - Eu sou um cara legal - Tue Sep 01 2020 11:27:23 GMT-0300 (Brasilia Standard Time)","level":"info","service":"user-service"}
{"message":"usuário cadastrado marcio","level":"info","service":"user-service"}
{"message":"usuário atualizado 67","level":"info","service":"user-service"}
{"message":"lista em memoria usuário atualizado [object Object]","level":"info","service":"user-service"}
{"message":"49 - 20 - Eu sou um cara legal - Tue Sep 01 2020 11:29:01 GMT-0300 (Brasilia Standard Time)","level":"info","service":"user-service"}
{"message":"usuário cadastrado marcio","level":"info","service":"user-service"}
{"message":"usuário atualizado 25","level":"info","service":"user-service"}
{"message":"lista em memoria usuário atualizado [object Object]","level":"info","service":"user-service"}
{"message":"13 - 20 - Eu sou um cara legal - Tue Sep 01 2020 11:29:27 GMT-0300 (Horário Padrão de Brasília)","level":"info","service":"user-service"}
{"message":"usuário cadastrado marcio","level":"info","service":"user-service"}
{"message":"usuário atualizado 78","level":"info","service":"user-service"}
{"message":"lista em memoria usuário atualizado [object Object]","level":"info","service":"user-service"}
{"message":"usuário cadastrado marcio","level":"info","service":"user-service"}
{"message":"usuário atualizado 43","level":"info","service":"user-service"}
{"message":"lista em memoria usuário atualizado [object Object]","level":"info","service":"user-service"}
{"message":"59 - 20 - Eu sou um cara legal - Tue Sep 01 2020 11:32:13 GMT-0300 (Brasilia Standard Time)","level":"info","service":"user-service"}
{"service":"user-service","level":"warn","message":"system level exceptions at, Possibly Unhandled Rejection at: Promise "}
{"message":"69 - 20 - Eu sou um cara legal - Tue Sep 01 2020 11:32:29 GMT-0300 (Brasilia Standard Time)","level":"info","service":"user-service"}
{"message":"usuário cadastrado marcio","level":"info","service":"user-service"}
{"message":"usuário atualizado 45","level":"info","service":"user-service"}
{"message":"lista em memoria usuário atualizado [object Object]","level":"info","service":"user-service"}
{"message":"13 - 20 - Eu sou um cara legal - Tue Sep 01 2020 11:33:29 GMT-0300 (Horário Padrão de Brasília)","level":"info","service":"user-service"}
{"message":"usuário cadastrado marcio","level":"info","service":"user-service"}
{"message":"usuário atualizado 20","level":"info","service":"user-service"}
{"message":"lista em memoria usuário atualizado [object Object]","level":"info","service":"user-service"}
{"message":"usuário cadastrado marcio","level":"info","service":"user-service"}
{"message":"usuário atualizado 7","level":"info","service":"user-service"}
{"message":"lista em memoria usuário atualizado [object Object]","level":"info","service":"user-service"}
{"message":"1 - 20 - Eu sou um cara legal - Tue Sep 01 2020 11:34:47 GMT-0300 (Brasilia Standard Time)","level":"info","service":"user-service"}
{"message":"usuário cadastrado marcio","level":"info","service":"user-service"}
{"message":"usuário atualizado 56","level":"info","service":"user-service"}
{"message":"lista em memoria usuário atualizado [object Object]","level":"info","service":"user-service"}
{"message":"1 - 20 - Eu sou um cara legal - Tue Sep 01 2020 11:34:56 GMT-0300 (Brasilia Standard Time)","level":"info","service":"user-service"}
{"message":"usuário cadastrado marcio","level":"info","service":"user-service"}
{"message":"usuário atualizado 6","level":"info","service":"user-service"}
{"message":"lista em memoria usuário atualizado [object Object]","level":"info","service":"user-service"}
{"message":"1 - 20 - Eu sou um cara legal - Tue Sep 01 2020 11:35:10 GMT-0300 (Brasilia Standard Time)","level":"info","service":"user-service"}
{"message":"usuário cadastrado marcio","level":"info","service":"user-service"}
{"message":"usuário atualizado 53","level":"info","service":"user-service"}
{"message":"lista em memoria usuário atualizado [object Object]","level":"info","service":"user-service"}
{"message":"1 - 20 - Eu sou um cara legal - Tue Sep 01 2020 11:35:26 GMT-0300 (Brasilia Standard Time)","level":"info","service":"user-service"}
{"message":"usuário cadastrado marcio","level":"info","service":"user-service"}
{"message":"usuário atualizado 38","level":"info","service":"user-service"}
{"message":"lista em memoria usuário atualizado [object Object]","level":"info","service":"user-service"}
{"message":"1 - 20 - Eu sou um cara legal - Tue Sep 01 2020 11:35:41 GMT-0300 (Brasilia Standard Time)","level":"info","service":"user-service"}
{"message":"usuário cadastrado marcio","level":"info","service":"user-service"}
{"message":"usuário atualizado 90","level":"info","service":"user-service"}
{"message":"lista em memoria usuário atualizado [object Object]","level":"info","service":"user-service"}
{"message":"1 - 20 - Eu sou um cara legal - Tue Sep 01 2020 11:36:34 GMT-0300 (Brasilia Standard Time)","level":"info","service":"user-service"}
{"message":"1 - 20 - Eu sou um cara legal - Tue Sep 01 2020 11:37:00 GMT-0300 (Brasilia Standard Time)","level":"info","service":"user-service"}
{"message":"usuário cadastrado marcio","level":"info","service":"user-service"}
{"message":"usuário atualizado 47","level":"info","service":"user-service"}
{"message":"lista em memoria usuário atualizado [object Object]","level":"info","service":"user-service"}
{"message":"usuário cadastrado marcio","level":"info","service":"user-service"}
{"message":"usuário atualizado 19","level":"info","service":"user-service"}
{"message":"lista em memoria usuário atualizado [object Object]","level":"info","service":"user-service"}
{"message":"1 - 20 - Eu sou um cara legal - Tue Sep 01 2020 11:37:20 GMT-0300 (Brasilia Standard Time)","level":"info","service":"user-service"}
{"message":"usuário cadastrado marcio","level":"info","service":"user-service"}
{"message":"usuário atualizado 17","level":"info","service":"user-service"}
{"message":"lista em memoria usuário atualizado [object Object]","level":"info","service":"user-service"}
{"message":"1 - 20 - Eu sou um cara legal - Tue Sep 01 2020 11:37:26 GMT-0300 (Brasilia Standard Time)","level":"info","service":"user-service"}
{"message":"usuário cadastrado marcio","level":"info","service":"user-service"}
{"message":"usuário atualizado 25","level":"info","service":"user-service"}
{"message":"lista em memoria usuário atualizado [object Object]","level":"info","service":"user-service"}
{"message":"1 - 20 - Eu sou um cara legal - Tue Sep 01 2020 11:38:01 GMT-0300 (Brasilia Standard Time)","level":"info","service":"user-service"}
{"message":"usuário cadastrado marcio","level":"info","service":"user-service"}
{"message":"usuário atualizado 44","level":"info","service":"user-service"}
{"message":"lista em memoria usuário atualizado [object Object]","level":"info","service":"user-service"}
{"message":"1 - 20 - Eu sou um cara legal - Tue Sep 01 2020 11:38:41 GMT-0300 (Brasilia Standard Time)","level":"info","service":"user-service"}
{"message":"usuário cadastrado marcio","level":"info","service":"user-service"}
{"message":"usuário atualizado 33","level":"info","service":"user-service"}
{"message":"lista em memoria usuário atualizado [object Object]","level":"info","service":"user-service"}
{"message":"1 - 20 - Eu sou um cara legal - Tue Sep 01 2020 11:38:44 GMT-0300 (Brasilia Standard Time)","level":"info","service":"user-service"}
{"message":"usuário cadastrado marcio","level":"info","service":"user-service"}
{"message":"usuário atualizado 97","level":"info","service":"user-service"}
{"message":"lista em memoria usuário atualizado [object Object]","level":"info","service":"user-service"}
{"message":"1 - 20 - Eu sou um cara legal - Tue Sep 01 2020 11:39:19 GMT-0300 (Brasilia Standard Time)","level":"info","service":"user-service"}
{"message":"usuário cadastrado marcio","level":"info","service":"user-service"}
{"message":"usuário atualizado 100","level":"info","service":"user-service"}
{"message":"lista em memoria usuário atualizado [object Object]","level":"info","service":"user-service"}
{"message":"1 - 20 - Eu sou um cara legal - Tue Sep 01 2020 11:39:23 GMT-0300 (Brasilia Standard Time)","level":"info","service":"user-service"}
{"message":"usuário cadastrado marcio","level":"info","service":"user-service"}
{"message":"usuário atualizado 38","level":"info","service":"user-service"}
{"message":"lista em memoria usuário atualizado [object Object]","level":"info","service":"user-service"}
{"message":"1 - 20 - Eu sou um cara legal - Tue Sep 01 2020 11:39:33 GMT-0300 (Brasilia Standard Time)","level":"info","service":"user-service"}
{"message":"usuário cadastrado marcio","level":"info","service":"user-service"}
{"message":"usuário atualizado 56","level":"info","service":"user-service"}
{"message":"lista em memoria usuário atualizado [object Object]","level":"info","service":"user-service"}
{"message":"1 - 20 - Eu sou um cara legal - Tue Sep 01 2020 11:39:37 GMT-0300 (Brasilia Standard Time)","level":"info","service":"user-service"}
{"message":"usuário cadastrado marcio","level":"info","service":"user-service"}
{"message":"usuário atualizado 67","level":"info","service":"user-service"}
{"message":"lista em memoria usuário atualizado [object Object]","level":"info","service":"user-service"}
{"message":"1 - 20 - Eu sou um cara legal - Tue Sep 01 2020 11:39:41 GMT-0300 (Brasilia Standard Time)","level":"info","service":"user-service"}
{"message":"usuário cadastrado marcio","level":"info","service":"user-service"}
{"message":"usuário atualizado 82","level":"info","service":"user-service"}
{"message":"lista em memoria usuário atualizado [object Object]","level":"info","service":"user-service"}
{"message":"1 - 20 - Eu sou um cara legal - Tue Sep 01 2020 11:39:48 GMT-0300 (Brasilia Standard Time)","level":"info","service":"user-service"}
{"message":"1 - 20 - Eu sou um cara legal - Tue Sep 01 2020 11:40:10 GMT-0300 (Horário Padrão de Brasília)","level":"info","service":"user-service"}
{"message":"usuário cadastrado marcio","level":"info","service":"user-service"}
{"message":"usuário atualizado 7","level":"info","service":"user-service"}
{"message":"lista em memoria usuário atualizado [object Object]","level":"info","service":"user-service"}
{"message":"usuário cadastrado marcio","level":"info","service":"user-service"}
{"message":"usuário atualizado 86","level":"info","service":"user-service"}
{"message":"lista em memoria usuário atualizado [object Object]","level":"info","service":"user-service"}
{"message":"1 - 20 - Eu sou um cara legal - Tue Sep 01 2020 11:40:41 GMT-0300 (Brasilia Standard Time)","level":"info","service":"user-service"}
{"message":"1 - 20 - Eu sou um cara legal - Tue Sep 01 2020 11:40:46 GMT-0300 (Brasilia Standard Time)","level":"info","service":"user-service"}
{"message":"usuário cadastrado marcio","level":"info","service":"user-service"}
{"message":"usuário atualizado 100","level":"info","service":"user-service"}
{"message":"lista em memoria usuário atualizado [object Object]","level":"info","service":"user-service"}
{"message":"Servidor Rodando com Sucesso! Express: http://localhost:3000","level":"info","service":"user-service"}
{"message":"Servidor Rodando com Sucesso! Express: http://localhost:3000","level":"info","service":"user-service"}
{"message":"Servidor Rodando com Sucesso! Express: http://localhost:3000","level":"info","service":"user-service"}
{"message":"1 - 20 - Eu sou um cara legal - Tue Sep 01 2020 11:42:36 GMT-0300 (Brasilia Standard Time)","level":"info","service":"user-service"}
{"message":"1 - 20 - Eu sou um cara legal - Tue Sep 01 2020 11:42:43 GMT-0300 (Brasilia Standard Time)","level":"info","service":"user-service"}
{"message":"usuário cadastrado marcio","level":"info","service":"user-service"}
{"message":"usuário atualizado 77","level":"info","service":"user-service"}
{"message":"lista em memoria usuário atualizado [object Object]","level":"info","service":"user-service"}
{"message":"1 - 20 - Eu sou um cara legal - Tue Sep 01 2020 11:42:50 GMT-0300 (Brasilia Standard Time)","level":"info","service":"user-service"}
{"message":"usuário cadastrado marcio","level":"info","service":"user-service"}
{"message":"usuário atualizado 56","level":"info","service":"user-service"}
{"message":"lista em memoria usuário atualizado [object Object]","level":"info","service":"user-service"}
{"message":"usuário cadastrado marcio","level":"info","service":"user-service"}
{"message":"usuário atualizado 58","level":"info","service":"user-service"}
{"message":"lista em memoria usuário atualizado [object Object]","level":"info","service":"user-service"}
{"message":"1 - 20 - Eu sou um cara legal - Tue Sep 01 2020 11:43:04 GMT-0300 (Brasilia Standard Time)","level":"info","service":"user-service"}
{"message":"usuário cadastrado marcio","level":"info","service":"user-service"}
{"message":"usuário atualizado 61","level":"info","service":"user-service"}
{"message":"lista em memoria usuário atualizado [object Object]","level":"info","service":"user-service"}
{"message":"1 - 20 - Eu sou um cara legal - Tue Sep 01 2020 11:43:26 GMT-0300 (Brasilia Standard Time)","level":"info","service":"user-service"}
{"message":"usuário cadastrado marcio","level":"info","service":"user-service"}
{"message":"usuário atualizado 11","level":"info","service":"user-service"}
{"message":"lista em memoria usuário atualizado [object Object]","level":"info","service":"user-service"}
{"message":"1 - 20 - Eu sou um cara legal - Tue Sep 01 2020 11:43:31 GMT-0300 (Brasilia Standard Time)","level":"info","service":"user-service"}
{"message":"usuário cadastrado marcio","level":"info","service":"user-service"}
{"message":"usuário atualizado 79","level":"info","service":"user-service"}
{"message":"lista em memoria usuário atualizado [object Object]","level":"info","service":"user-service"}
{"message":"1 - 20 - Eu sou um cara legal - Tue Sep 01 2020 11:43:49 GMT-0300 (Brasilia Standard Time)","level":"info","service":"user-service"}
{"message":"usuário cadastrado marcio","level":"info","service":"user-service"}
{"message":"usuário atualizado 5","level":"info","service":"user-service"}
{"message":"lista em memoria usuário atualizado [object Object]","level":"info","service":"user-service"}
{"message":"1 - 20 - Eu sou um cara legal - Tue Sep 01 2020 11:43:58 GMT-0300 (Brasilia Standard Time)","level":"info","service":"user-service"}
{"message":"usuário cadastrado marcio","level":"info","service":"user-service"}
{"message":"usuário atualizado 71","level":"info","service":"user-service"}
{"message":"lista em memoria usuário atualizado [object Object]","level":"info","service":"user-service"}
{"message":"1 - 20 - Eu sou um cara legal - Tue Sep 01 2020 11:44:15 GMT-0300 (Brasilia Standard Time)","level":"info","service":"user-service"}
{"message":"usuário cadastrado marcio","level":"info","service":"user-service"}
{"message":"usuário atualizado 8","level":"info","service":"user-service"}
{"message":"lista em memoria usuário atualizado [object Object]","level":"info","service":"user-service"}
{"message":"1 - 20 - Eu sou um cara legal - Tue Sep 01 2020 11:44:32 GMT-0300 (Brasilia Standard Time)","level":"info","service":"user-service"}
{"message":"usuário cadastrado marcio","level":"info","service":"user-service"}
{"message":"usuário atualizado 9","level":"info","service":"user-service"}
{"message":"lista em memoria usuário atualizado [object Object]","level":"info","service":"user-service"}
{"message":"1 - 20 - Eu sou um cara legal - Tue Sep 01 2020 11:44:43 GMT-0300 (Brasilia Standard Time)","level":"info","service":"user-service"}
{"message":"usuário cadastrado marcio","level":"info","service":"user-service"}
{"message":"usuário atualizado 5","level":"info","service":"user-service"}
{"message":"1 - 20 - Eu sou um cara legal - Tue Sep 01 2020 11:44:56 GMT-0300 (Brasilia Standard Time)","level":"info","service":"user-service"}
{"message":"lista em memoria usuário atualizado [object Object]","level":"info","service":"user-service"}
{"message":"1 - 20 - Eu sou um cara legal - Tue Sep 01 2020 11:45:20 GMT-0300 (Brasilia Standard Time)","level":"info","service":"user-service"}
{"message":"usuário cadastrado marcio","level":"info","service":"user-service"}
{"message":"usuário atualizado 26","level":"info","service":"user-service"}
{"message":"lista em memoria usuário atualizado [object Object]","level":"info","service":"user-service"}
{"message":"usuário cadastrado marcio","level":"info","service":"user-service"}
{"message":"usuário atualizado 88","level":"info","service":"user-service"}
{"message":"lista em memoria usuário atualizado [object Object]","level":"info","service":"user-service"}
{"message":"1 - 20 - Eu sou um cara legal - Tue Sep 01 2020 11:51:25 GMT-0300 (Brasilia Standard Time)","level":"info","service":"user-service"}
{"message":"usuário cadastrado marcio","level":"info","service":"user-service"}
{"message":"usuário atualizado 48","level":"info","service":"user-service"}
{"message":"lista em memoria usuário atualizado [object Object]","level":"info","service":"user-service"}
{"message":"usuário cadastrado marcio","level":"info","service":"user-service"}
{"message":"usuário atualizado 27","level":"info","service":"user-service"}
{"message":"lista em memoria usuário atualizado [object Object]","level":"info","service":"user-service"}
{"message":"1 - 20 - Eu sou um cara legal - Tue Sep 01 2020 11:52:05 GMT-0300 (Brasilia Standard Time)","level":"info","service":"user-service"}
{"message":"usuário cadastrado marcio","level":"info","service":"user-service"}
{"message":"usuário atualizado 30","level":"info","service":"user-service"}
{"message":"lista em memoria usuário atualizado [object Object]","level":"info","service":"user-service"}
{"message":"1 - 20 - Eu sou um cara legal - Tue Sep 01 2020 11:52:21 GMT-0300 (Brasilia Standard Time)","level":"info","service":"user-service"}
{"message":"usuário cadastrado marcio","level":"info","service":"user-service"}
{"message":"usuário atualizado 21","level":"info","service":"user-service"}
{"message":"lista em memoria usuário atualizado [object Object]","level":"info","service":"user-service"}
{"message":"Servidor Rodando com Sucesso! Express: http://localhost:3000","level":"info","service":"user-service"}
{"message":"Servidor Rodando com Sucesso! Express: http://localhost:3000","level":"info","service":"user-service"}
{"message":"usuário cadastrado marcio","level":"info","service":"user-service"}
{"message":"usuário atualizado 14","level":"info","service":"user-service"}
{"message":"lista em memoria usuário atualizado [object Object]","level":"info","service":"user-service"}
{"message":"1 - 20 - Eu sou um cara legal - Tue Sep 01 2020 11:55:23 GMT-0300 (Brasilia Standard Time)","level":"info","service":"user-service"}
{"message":"1 - 20 - Eu sou um cara legal - Tue Sep 01 2020 11:57:23 GMT-0300 (Brasilia Standard Time)","level":"info","service":"user-service"}
{"message":"usuário cadastrado marcio","level":"info","service":"user-service"}
{"message":"usuário atualizado 27","level":"info","service":"user-service"}
{"message":"lista em memoria usuário atualizado [object Object]","level":"info","service":"user-service"}
{"message":"1 - 20 - Eu sou um cara legal - Tue Sep 01 2020 12:01:08 GMT-0300 (Brasilia Standard Time)","level":"info","service":"user-service"}
{"message":"usuário cadastrado marcio","level":"info","service":"user-service"}
{"message":"usuário atualizado 33","level":"info","service":"user-service"}
{"message":"lista em memoria usuário atualizado [object Object]","level":"info","service":"user-service"}
{"message":"Servidor Rodando com Sucesso! Express: http://localhost:3000","level":"info","service":"user-service"}
{"message":"1 - 20 - Eu sou um cara legal - Tue Sep 01 2020 12:02:12 GMT-0300 (Horário Padrão de Brasília)","level":"info","service":"user-service"}
{"message":"usuário cadastrado marcio","level":"info","service":"user-service"}
{"message":"usuário atualizado 16","level":"info","service":"user-service"}
{"message":"lista em memoria usuário atualizado [object Object]","level":"info","service":"user-service"}
{"message":"Servidor Rodando com Sucesso! Express: http://localhost:3000","level":"info","service":"user-service"}
{"message":"usuário cadastrado marcio","level":"info","service":"user-service"}
{"message":"usuário cadastrado levi","level":"info","service":"user-service"}
{"message":"1 - 81 - Estudar Java - Tue Sep 01 2020 12:04:22 GMT-0300 (Horário Padrão de Brasília)","level":"info","service":"user-service"}
{"message":"Servidor Rodando com Sucesso! Express: http://localhost:3000","level":"info","service":"user-service"}
{"message":"usuário cadastrado marcio","level":"info","service":"user-service"}
{"message":"usuário atualizado 59","level":"info","service":"user-service"}
{"message":"lista em memoria usuário atualizado [object Object]","level":"info","service":"user-service"}
{"message":"1 - 20 - Eu sou um cara legal - Tue Sep 01 2020 12:06:36 GMT-0300 (Brasilia Standard Time)","level":"info","service":"user-service"}
{"message":"Servidor Rodando com Sucesso! Express: http://localhost:3000","level":"info","service":"user-service"}
{"message":"usuário cadastrado marcio","level":"info","service":"user-service"}
{"message":"usuário atualizado 6","level":"info","service":"user-service"}
{"message":"lista em memoria usuário atualizado [object Object]","level":"info","service":"user-service"}
{"message":"1 - 20 - Eu sou um cara legal - Tue Sep 01 2020 12:06:53 GMT-0300 (Brasilia Standard Time)","level":"info","service":"user-service"}
{"message":"usuário cadastrado marcio","level":"info","service":"user-service"}
{"message":"1 - 17 - Estudar Java - Tue Sep 01 2020 12:07:07 GMT-0300 (Horário Padrão de Brasília)","level":"info","service":"user-service"}
{"message":"1 - 17 - Estudar Rust - Tue Sep 01 2020 12:08:13 GMT-0300 (Horário Padrão de Brasília)","level":"info","service":"user-service"}
